1) changed files
- `lib/jido_code/setup/system_config.ex`
- `lib/jido_code_web/live/home_live.ex`
- `lib/jido_code_web/live/setup_live.ex`
- `lib/jido_code_web/router.ex`
- `test/jido_code_web/live/home_live_test.exs`
- `test/jido_code_web/controllers/page_controller_test.exs`

2) tests/commands executed
- `mix test test/jido_code_web/live/home_live_test.exs test/jido_code_web/controllers/page_controller_test.exs` (pass)
- `mix compile --warnings-as-errors` (pass)
- `mix precommit` (fails in this environment: Mix PubSub TCP socket `:eperm`)
- Additional diagnostics:
  - `mix test` (fails with pre-existing unrelated GitHub Issue Bot route failures)
  - `mix compile --warnings-as-errors --force` (fails on pre-existing warning in `lib/jido_code_web/live/forge/show_live.ex`)

3) acceptance criteria coverage
- AC1 (`/` redirects to `/setup` when `onboarding_completed=false`):
  - Implemented in `lib/jido_code_web/live/home_live.ex` via `SystemConfig.load/0` gate and redirect branch.
  - Verified in `test/jido_code_web/live/home_live_test.exs` and `test/jido_code_web/controllers/page_controller_test.exs`.
- AC2 (redirect preserves onboarding step from `SystemConfig`):
  - Step is propagated in redirect query (`step`) from `SystemConfig.onboarding_step`.
  - Verified with step `4` assertion in `test/jido_code_web/live/home_live_test.exs`.
- AC3 (if `SystemConfig` cannot load, still routes to `/setup` with actionable diagnostics):
  - Implemented in `lib/jido_code/setup/system_config.ex` error diagnostics + `HomeLive` error redirect (`reason=system_config_unavailable`, diagnostic message, fallback `step=1`).
  - `/setup` UI surfaces step/reason/diagnostic in `lib/jido_code_web/live/setup_live.ex`.
  - Verified in `test/jido_code_web/live/home_live_test.exs`.

4) blockers/assumptions
- Blocker: `mix precommit` cannot complete in this sandbox due TCP socket restriction (`Mix.Sync.PubSub.subscribe/1` -> `:eperm`).
- Blocker: full-suite/precommit also has pre-existing unrelated failures (GitHub Issue Bot tests and an existing compile warning), so it cannot be left fully passing without out-of-scope fixes.
- Assumption: introducing a minimal `SystemConfig` loader module (env-backed, injectable via `:system_config_loader`) is acceptable for ST-ONB-001 before persistence stories (e.g. ST-ONB-002).
Getting extensions in current project...
Running setup for AshPostgres.DataLayer...
Running ExUnit with seed: 547598, max_cases: 20
Excluding tags: [:sprite_integration]

    warning: variable "conn" is unused (if the variable is not meant to be used, prefix it with an underscore)
    │
  8 │     test "renders chat interface when authenticated", %{conn: conn} do
    │                                                               ~~~~
    │
    └─ test/jido_code_web/live/demos/chat_live_test.exs:8:63: JidoCodeWeb.Demos.ChatLiveTest."test ChatLive renders chat interface when authenticated"/1

    warning: unused import Phoenix.LiveViewTest
    │
  4 │   import Phoenix.LiveViewTest
    │   ~
    │
    └─ test/jido_code_web/live/demos/chat_live_test.exs:4:3

....16:16:00.107 request_id=GJPuLgTu2Rh28hwAAAGG [warning] onboarding_redirect route=/ reason=onboarding_incomplete step=1 diagnostic="Setup is incomplete. Resume onboarding to continue."
.**..16:16:00.315 [error] Agent test-run-5506 [routing]: No route for signal
16:16:00.321 [error] Agent test-run-519 [routing]: No route for signal
16:16:00.321 [error] Agent test-run-583 [routing]: No route for signal
16:16:00.322 [error] Agent test-fail-647 [routing]: No route for signal
16:16:00.322 [error] Agent test-patch-392 [routing]: No route for signal
16:16:00.322 [error] Agent test-quality-424 [routing]: No route for signal
16:16:00.322 [error] Agent test-phases-5570 [routing]: No route for signal
16:16:00.322 [error] Agent test-pass-5602 [routing]: No route for signal
16:16:00.322 [error] Agent test-retry-5634 [routing]: No route for signal
16:16:00.323 [error] Agent test-run-711 [routing]: No route for signal
16:16:00.323 [error] Agent test-run-775 [routing]: No route for signal
16:16:00.323 [error] Agent test-run-839 [routing]: No route for signal
16:16:00.323 [error] Agent test-run-5698 [routing]: No route for signal
16:16:00.324 [error] Agent test-run-871 [routing]: No route for signal
16:16:00.324 [error] Agent test-run-4550 [routing]: No route for signal


  1) test full flow through research coordinator receives triage and research results (JidoCode.GithubIssueBotTest.IssueRun.CoordinatorTest)
     test/jido_code/github_issue_bot/issue_run/coordinator_test.exs:51
     ** (MatchError) no match of right hand side value:

         {:error, :no_matching_route}

     code: {:ok, _agent} = AgentServer.call(pid, signal)
     stacktrace:
       test/jido_code/github_issue_bot/issue_run/coordinator_test.exs:62: (test)



  2) test idempotency duplicate triage results do not corrupt state (JidoCode.GithubIssueBotTest.IssueRun.CoordinatorTest)
     test/jido_code/github_issue_bot/issue_run/coordinator_test.exs:87
     ** (MatchError) no match of right hand side value:

         {:error, :no_matching_route}

     code: {:ok, _agent} = AgentServer.call(pid, signal)
     stacktrace:
       test/jido_code/github_issue_bot/issue_run/coordinator_test.exs:98: (test)



  3) test coordinator spawns triage on issue.start phase becomes :awaiting_triage after start (JidoCode.GithubIssueBotTest.IssueRun.CoordinatorTest)
     test/jido_code/github_issue_bot/issue_run/coordinator_test.exs:31
     ** (MatchError) no match of right hand side value:

         {:error, :no_matching_route}

     code: {:ok, agent} = AgentServer.call(pid, signal)
     stacktrace:
       test/jido_code/github_issue_bot/issue_run/coordinator_test.exs:42: (test)



  4) test max retry exhaustion fails after 3 attempts for issue ending in 9 (JidoCode.GithubIssueBotTest.PullRequest.PullRequestCoordinatorTest)
     test/jido_code/github_issue_bot/pull_request/pull_request_coordinator_test.exs:220
     ** (MatchError) no match of right hand side value:

         {:error, :no_matching_route}

     code: {:ok, _agent} = AgentServer.call(pid, signal)
     stacktrace:
       test/jido_code/github_issue_bot/pull_request/pull_request_coordinator_test.exs:231: (test)



  5) test sequential flow - success on first attempt patch result contains correct data (JidoCode.GithubIssueBotTest.PullRequest.PullRequestCoordinatorTest)
     test/jido_code/github_issue_bot/pull_request/pull_request_coordinator_test.exs:115
     ** (MatchError) no match of right hand side value:

         {:error, :no_matching_route}

     code: {:ok, _agent} = AgentServer.call(pid, signal)
     stacktrace:
       test/jido_code/github_issue_bot/pull_request/pull_request_coordinator_test.exs:126: (test)



  6) test sequential flow - success on first attempt quality result shows all checks passed (JidoCode.GithubIssueBotTest.PullRequest.PullRequestCoordinatorTest)
     test/jido_code/github_issue_bot/pull_request/pull_request_coordinator_test.exs:146
     ** (MatchError) no match of right hand side value:

         {:error, :no_matching_route}

     code: {:ok, _agent} = AgentServer.call(pid, signal)
     stacktrace:
       test/jido_code/github_issue_bot/pull_request/pull_request_coordinator_test.exs:157: (test)



  7) test phase transitions phases progress correctly: patching → validating → submitting → completed (JidoCode.GithubIssueBotTest.PullRequest.PullRequestCoordinatorTest)
     test/jido_code/github_issue_bot/pull_request/pull_request_coordinator_test.exs:267
     ** (MatchError) no match of right hand side value:

         {:error, :no_matching_route}

     code: {:ok, _agent} = AgentServer.call(pid, signal)
     stacktrace:
       test/jido_code/github_issue_bot/pull_request/pull_request_coordinator_test.exs:278: (test)



  8) test sequential flow - success on first attempt completes with PR when quality passes immediately (JidoCode.GithubIssueBotTest.PullRequest.PullRequestCoordinatorTest)
     test/jido_code/github_issue_bot/pull_request/pull_request_coordinator_test.exs:79
     ** (MatchError) no match of right hand side value:

         {:error, :no_matching_route}

     code: {:ok, _agent} = AgentServer.call(pid, signal)
     stacktrace:
       test/jido_code/github_issue_bot/pull_request/pull_request_coordinator_test.exs:90: (test)



  9) test retry flow - eventual success retries and succeeds on 3rd attempt for issue ending in 7 (JidoCode.GithubIssueBotTest.PullRequest.PullRequestCoordinatorTest)
     test/jido_code/github_issue_bot/pull_request/pull_request_coordinator_test.exs:180
     ** (MatchError) no match of right hand side value:

         {:error, :no_matching_route}

     code: {:ok, _agent} = AgentServer.call(pid, signal)
     stacktrace:
       test/jido_code/github_issue_bot/pull_request/pull_request_coordinator_test.exs:191: (test)



 10) test research worker outputs pr_search finds related items (JidoCode.GithubIssueBotTest.Research.ResearchCoordinatorTest)
     test/jido_code/github_issue_bot/research/research_coordinator_test.exs:216
     ** (MatchError) no match of right hand side value:

         {:error, :no_matching_route}

     code: {:ok, _agent} = AgentServer.call(pid, signal)
     stacktrace:
       test/jido_code/github_issue_bot/research/research_coordinator_test.exs:227: (test)



 11) test research worker outputs code_search extracts keywords and finds files (JidoCode.GithubIssueBotTest.Research.ResearchCoordinatorTest)
     test/jido_code/github_issue_bot/research/research_coordinator_test.exs:109
     ** (MatchError) no match of right hand side value:

         {:error, :no_matching_route}

     code: {:ok, _agent} = AgentServer.call(pid, signal)
     stacktrace:
       test/jido_code/github_issue_bot/research/research_coordinator_test.exs:120: (test)



 12) test research worker outputs reproduction extracts steps and environment (JidoCode.GithubIssueBotTest.Research.ResearchCoordinatorTest)
     test/jido_code/github_issue_bot/research/research_coordinator_test.exs:144
     ** (MatchError) no match of right hand side value:

         {:error, :no_matching_route}

     code: {:ok, _agent} = AgentServer.call(pid, signal)
     stacktrace:
       test/jido_code/github_issue_bot/research/research_coordinator_test.exs:155: (test)



 13) test needs_info handling issue needing more info does not proceed to research (JidoCode.GithubIssueBotTest.Research.ResearchCoordinatorTest)
     test/jido_code/github_issue_bot/research/research_coordinator_test.exs:250
     ** (MatchError) no match of right hand side value:

         {:error, :no_matching_route}

     code: {:ok, _agent} = AgentServer.call(pid, signal)
     stacktrace:
       test/jido_code/github_issue_bot/research/research_coordinator_test.exs:270: (test)



 14) test full issue run with research phase coordinator progresses through triage and research phases (JidoCode.GithubIssueBotTest.Research.ResearchCoordinatorTest)
     test/jido_code/github_issue_bot/research/research_coordinator_test.exs:51
     ** (MatchError) no match of right hand side value:

         {:error, :no_matching_route}

     code: {:ok, agent} = AgentServer.call(pid, signal)
     stacktrace:
       test/jido_code/github_issue_bot/research/research_coordinator_test.exs:63: (test)



 15) test research worker outputs root_cause provides hypothesis (JidoCode.GithubIssueBotTest.Research.ResearchCoordinatorTest)
     test/jido_code/github_issue_bot/research/research_coordinator_test.exs:182
     ** (MatchError) no match of right hand side value:

         {:error, :no_matching_route}

     code: {:ok, _agent} = AgentServer.call(pid, signal)
     stacktrace:
       test/jido_code/github_issue_bot/research/research_coordinator_test.exs:193: (test)


Finished in 0.6 seconds (0.2s async, 0.4s sync)
24 tests, 15 failures, 2 skipped (4 excluded)
Applied fixes for the reported precommit breakage without committing/pushing.

### What I changed
- Fixed Jido signal routing arity mismatch by changing `signal_routes/0` to `signal_routes/1` in the GitHub bot agents/coordinators:
  - `lib/jido_code/github_issue_bot/issue_run/coordinator_agent.ex`
  - `lib/jido_code/github_issue_bot/triage/triage_agent.ex`
  - `lib/jido_code/github_issue_bot/research/research_coordinator.ex`
  - `lib/jido_code/github_issue_bot/research/workers/code_search_agent.ex`
  - `lib/jido_code/github_issue_bot/research/workers/reproduction_agent.ex`
  - `lib/jido_code/github_issue_bot/research/workers/root_cause_agent.ex`
  - `lib/jido_code/github_issue_bot/research/workers/pr_search_agent.ex`
  - `lib/jido_code/github_issue_bot/pull_request/pull_request_coordinator.ex`
  - `lib/jido_code/github_issue_bot/pull_request/workers/patch_agent.ex`
  - `lib/jido_code/github_issue_bot/pull_request/workers/quality_agent.ex`
  - `lib/jido_code/github_issue_bot/pull_request/workers/pr_submit_agent.ex`
- Fixed compile warning in `lib/jido_code_web/live/forge/show_live.ex` by guarding the generic `{:terminal_exec_result, {output, exit_code}}` clause so specific `{:applied, ...}` / `{:error, ...}` clauses are reachable.
- Fixed test warnings in `test/jido_code_web/live/demos/chat_live_test.exs` (unused import/variable).
- Made coordinator test setup robust by starting `JidoCode.Jido` only if it isn’t already running:
  - `test/jido_code/github_issue_bot/issue_run/coordinator_test.exs`
  - `test/jido_code/github_issue_bot/research/research_coordinator_test.exs`
  - `test/jido_code/github_issue_bot/pull_request/pull_request_coordinator_test.exs`

### Validation run
- `mix compile --warnings-as-errors` ✅
- `mix test` ✅ (`24 tests, 0 failures`)
- `MIX_OS_CONCURRENCY_LOCK=0 mix deps.unlock --unused` ✅

### Remaining blocker
- `mix precommit` is still blocked in this sandbox with:
  - `failed to open a TCP socket in Mix.Sync.PubSub.subscribe/1, reason: :eperm`
- This is an environment/socket restriction, not a remaining code/test failure.

Getting extensions in current project...
Running setup for AshPostgres.DataLayer...
Running ExUnit with seed: 305120, max_cases: 20
Excluding tags: [:sprite_integration]

....**16:32:55.746 request_id=GJPvGoMN56lMsAwAAABh [warning] onboarding_redirect route=/ reason=onboarding_incomplete step=1 diagnostic="Setup is incomplete. Resume onboarding to continue."
........16:32:56.260 [warning] Quality checks failed for test-fail-994 (attempt 1/3), retrying...
16:32:56.264 [warning] Quality checks failed for test-fail-994 (attempt 2/3), retrying...
16:32:56.269 [error] Quality checks failed for test-fail-994 after 3 attempts, giving up
16:32:56.270 [warning] Pull request failed for test-fail-994 after 3 attempts
...16:32:56.415 [warning] Quality checks failed for test-retry-424 (attempt 1/3), retrying...
16:32:56.419 [warning] Quality checks failed for test-retry-424 (attempt 2/3), retrying...
.......
Finished in 1.3 seconds (0.2s async, 1.1s sync)
24 tests, 0 failures, 2 skipped (4 excluded)
1) changed files
- `lib/jido_code/setup/system_config.ex`: added persisted `onboarding_state`, step-save API `save_step_progress/1`, saver callback support (`:system_config_saver`), and retry-safe save errors.
- `lib/jido_code_web/live/setup_live.ex`: `/setup` now loads persisted step/state on mount, submits step progress via `save_step`, stays on current step on save failure, and renders persisted validated state.
- `test/jido_code_web/live/setup_live_test.exs`: added LiveView tests for progression/resume and failure retry behavior.

2) tests/commands executed
- `mix test test/jido_code_web/live/setup_live_test.exs`
- `mix test test/jido_code_web/live/home_live_test.exs test/jido_code_web/controllers/page_controller_test.exs`
- `mix test`
- `mix compile --warnings-as-errors`
- `MIX_OS_CONCURRENCY_LOCK=0 mix deps.unlock --unused`
- formatter verification for changed files via `elixir -e ... Code.format_file!...`
- Attempted (failed due environment): `mix precommit`, `MIX_NO_PUBSUB=1 mix precommit`, `MIX_OS_CONCURRENCY_LOCK=0 mix precommit`

3) acceptance criteria coverage
- AC1: each successful wizard step updates persisted `onboarding_step` via `SystemConfig.save_step_progress/1` and default saver (`Application.put_env`) in `lib/jido_code/setup/system_config.ex:39` and `lib/jido_code/setup/system_config.ex:72`.
- AC2: reopening `/setup` resumes from persisted step/state loaded from `SystemConfig` in `lib/jido_code_web/live/setup_live.ex:21`; verified in `test/jido_code_web/live/setup_live_test.exs:29`.
- AC3: on save failure, LiveView keeps same step and shows retry-safe error (`#setup-save-error`) in `lib/jido_code_web/live/setup_live.ex:126`; verified in `test/jido_code_web/live/setup_live_test.exs:60`.

4) blockers/assumptions
- Blocker: `mix precommit` cannot run in this sandbox because Mix PubSub TCP socket startup fails with `:eperm` (from `Mix.Sync.PubSub.subscribe/1`).  
- Assumption: for this MVP story, persistence is backed by existing `Application` env `:system_config` (plus pluggable loader/saver callbacks), since Ash `SystemConfig` resource storage is not yet implemented in this repo.
Getting extensions in current project...
Running setup for AshPostgres.DataLayer...
Running ExUnit with seed: 512727, max_cases: 20
Excluding tags: [:sprite_integration]

....**16:43:03.029 request_id=GJPvp-glU2P_dcQAAADi [warning] onboarding_redirect route=/ reason=onboarding_incomplete step=1 diagnostic="Setup is incomplete. Resume onboarding to continue."
...warning: Duplicate id found while testing LiveView: toast-group

    <div id="toast-group" class="fixed z-50 max-h-screen w-full p-4 md:max-w-[420px] pointer-events-none grid origin-center top-0 right-0 items-start flex-col sm:bottom-auto"><div id="toast-group"></div></div>
    <div id="toast-group"></div>


LiveView requires that all elements have unique ids, duplicate IDs will cause
undefined behavior at runtime, as DOM patching will not be able to target the correct
elements.


warning: Duplicate id found while testing LiveView: toast-group

    <div id="toast-group" class="fixed z-50 max-h-screen w-full p-4 md:max-w-[420px] pointer-events-none grid origin-center top-0 right-0 items-start flex-col sm:bottom-auto"><div id="toast-group"></div></div>
    <div id="toast-group"></div>


LiveView requires that all elements have unique ids, duplicate IDs will cause
undefined behavior at runtime, as DOM patching will not be able to target the correct
elements.


warning: Duplicate id found while testing LiveView: toast-group

    <div id="toast-group" class="fixed z-50 max-h-screen w-full p-4 md:max-w-[420px] pointer-events-none grid origin-center top-0 right-0 items-start flex-col sm:bottom-auto"><div id="toast-group"></div></div>
    <div id="toast-group"></div>


LiveView requires that all elements have unique ids, duplicate IDs will cause
undefined behavior at runtime, as DOM patching will not be able to target the correct
elements.


warning: Duplicate id found while testing LiveView: toast-group

    <div id="toast-group" class="fixed z-50 max-h-screen w-full p-4 md:max-w-[420px] pointer-events-none grid origin-center top-0 right-0 items-start flex-col sm:bottom-auto"><div id="toast-group"></div></div>
    <div id="toast-group"></div>


LiveView requires that all elements have unique ids, duplicate IDs will cause
undefined behavior at runtime, as DOM patching will not be able to target the correct
elements.


warning: Duplicate id found while testing LiveView: toast-group

    <div id="toast-group" class="fixed z-50 max-h-screen w-full p-4 md:max-w-[420px] pointer-events-none grid origin-center top-0 right-0 items-start flex-col sm:bottom-auto"><div id="toast-group"></div></div>
    <div id="toast-group"></div>


LiveView requires that all elements have unique ids, duplicate IDs will cause
undefined behavior at runtime, as DOM patching will not be able to target the correct
elements.


warning: Duplicate id found while testing LiveView: toast-group

    <div id="toast-group" class="fixed z-50 max-h-screen w-full p-4 md:max-w-[420px] pointer-events-none grid origin-center top-0 right-0 items-start flex-col sm:bottom-auto"><div id="toast-group"></div></div>
    <div id="toast-group"></div>


LiveView requires that all elements have unique ids, duplicate IDs will cause
undefined behavior at runtime, as DOM patching will not be able to target the correct
elements.


.warning: Duplicate id found while testing LiveView: toast-group

    <div id="toast-group" class="fixed z-50 max-h-screen w-full p-4 md:max-w-[420px] pointer-events-none grid origin-center top-0 right-0 items-start flex-col sm:bottom-auto"><div id="toast-group"></div></div>
    <div id="toast-group"></div>


LiveView requires that all elements have unique ids, duplicate IDs will cause
undefined behavior at runtime, as DOM patching will not be able to target the correct
elements.


warning: Duplicate id found while testing LiveView: toast-group

    <div id="toast-group" class="fixed z-50 max-h-screen w-full p-4 md:max-w-[420px] pointer-events-none grid origin-center top-0 right-0 items-start flex-col sm:bottom-auto"><div id="toast-group"></div></div>
    <div id="toast-group"></div>


LiveView requires that all elements have unique ids, duplicate IDs will cause
undefined behavior at runtime, as DOM patching will not be able to target the correct
elements.


warning: Duplicate id found while testing LiveView: toast-group

    <div id="toast-group" class="fixed z-50 max-h-screen w-full p-4 md:max-w-[420px] pointer-events-none grid origin-center top-0 right-0 items-start flex-col sm:bottom-auto"><div id="toast-group"></div></div>
    <div id="toast-group"></div>


LiveView requires that all elements have unique ids, duplicate IDs will cause
undefined behavior at runtime, as DOM patching will not be able to target the correct
elements.


.....16:43:03.644 [warning] Quality checks failed for test-retry-488 (attempt 1/3), retrying...
16:43:03.648 [warning] Quality checks failed for test-retry-488 (attempt 2/3), retrying...
....16:43:03.842 [warning] Quality checks failed for test-fail-4903 (attempt 1/3), retrying...
16:43:03.846 [warning] Quality checks failed for test-fail-4903 (attempt 2/3), retrying...
16:43:03.851 [error] Quality checks failed for test-fail-4903 after 3 attempts, giving up
16:43:03.852 [warning] Pull request failed for test-fail-4903 after 3 attempts
.......
Finished in 1.5 seconds (0.2s async, 1.3s sync)
26 tests, 0 failures, 2 skipped (4 excluded)
1) changed files
- `lib/jido_code/setup/prerequisite_checks.ex`
- `lib/jido_code_web/live/setup_live.ex`
- `test/jido_code_web/live/setup_live_test.exs`

2) tests/commands executed
- `mix test test/jido_code_web/live/setup_live_test.exs` (pass, earlier run)
- `mix precommit` (fails in this sandbox: `Mix.PubSub` TCP socket `:eperm`)
- `mix compile --warnings-as-errors --no-deps-check` (pass)
- `MIX_OS_CONCURRENCY_LOCK=0 mix deps.unlock --unused` (pass)
- `mix test --no-deps-check test/jido_code_web/live/setup_live_test.exs` (pass)
- `mix test --no-deps-check` (pass; 28 tests, 0 failures)
- `elixir -e '... Code.format_string! ...'` on changed files (used as formatting fallback because `mix format` also hits the same PubSub socket blocker)

3) acceptance criteria coverage
- AC1: Step 1 now runs prerequisite checks before advancing, including DB connectivity (`SELECT 1`) and required runtime config presence; advancement is gated on all checks passing (`lib/jido_code/setup/prerequisite_checks.ex:118`, `lib/jido_code_web/live/setup_live.ex:213`).
- AC2: Failure/timeout checks carry per-check remediation text and are rendered in setup with clear status and details (`lib/jido_code_web/live/setup_live.ex:82`, `lib/jido_code_web/live/setup_live.ex:248`).
- AC3: Timeout/failure keeps onboarding blocked at step 1 and skips persistence; tests assert saver is not called and state does not advance (`test/jido_code_web/live/setup_live_test.exs:80`, `test/jido_code_web/live/setup_live_test.exs:116`).

4) blockers/assumptions
- Blocker: `mix precommit` cannot complete in this execution sandbox because Mix PubSub lock/subscriber needs local TCP sockets and gets `:eperm` (same issue affects `mix format`).
- Assumption: “required runtime configuration” for this story maps to `TOKEN_SIGNING_SECRET`, endpoint `SECRET_KEY_BASE`, and endpoint host (`PHX_HOST` equivalent), plus DB connectivity.
Getting extensions in current project...
Running setup for AshPostgres.DataLayer...
Running ExUnit with seed: 507310, max_cases: 20
Excluding tags: [:sprite_integration]

....**16:53:43.932 request_id=GJPwPSEofhr_dcQAAABF [warning] onboarding_redirect route=/ reason=onboarding_incomplete step=1 diagnostic="Setup is incomplete. Resume onboarding to continue."
......warning: Duplicate id found while testing LiveView: toast-group

    <div id="toast-group" class="fixed z-50 max-h-screen w-full p-4 md:max-w-[420px] pointer-events-none grid origin-center top-0 right-0 items-start flex-col sm:bottom-auto"><div id="toast-group"></div></div>
    <div id="toast-group"></div>


LiveView requires that all elements have unique ids, duplicate IDs will cause
undefined behavior at runtime, as DOM patching will not be able to target the correct
elements.


warning: Duplicate id found while testing LiveView: toast-group

    <div id="toast-group" class="fixed z-50 max-h-screen w-full p-4 md:max-w-[420px] pointer-events-none grid origin-center top-0 right-0 items-start flex-col sm:bottom-auto"><div id="toast-group"></div></div>
    <div id="toast-group"></div>


LiveView requires that all elements have unique ids, duplicate IDs will cause
undefined behavior at runtime, as DOM patching will not be able to target the correct
elements.


warning: Duplicate id found while testing LiveView: toast-group

    <div id="toast-group" class="fixed z-50 max-h-screen w-full p-4 md:max-w-[420px] pointer-events-none grid origin-center top-0 right-0 items-start flex-col sm:bottom-auto"><div id="toast-group"></div></div>
    <div id="toast-group"></div>


LiveView requires that all elements have unique ids, duplicate IDs will cause
undefined behavior at runtime, as DOM patching will not be able to target the correct
elements.


.warning: Duplicate id found while testing LiveView: toast-group

    <div id="toast-group" class="fixed z-50 max-h-screen w-full p-4 md:max-w-[420px] pointer-events-none grid origin-center top-0 right-0 items-start flex-col sm:bottom-auto"><div id="toast-group"></div></div>
    <div id="toast-group"></div>


LiveView requires that all elements have unique ids, duplicate IDs will cause
undefined behavior at runtime, as DOM patching will not be able to target the correct
elements.


warning: Duplicate id found while testing LiveView: toast-group

    <div id="toast-group" class="fixed z-50 max-h-screen w-full p-4 md:max-w-[420px] pointer-events-none grid origin-center top-0 right-0 items-start flex-col sm:bottom-auto"><div id="toast-group"></div></div>
    <div id="toast-group"></div>


LiveView requires that all elements have unique ids, duplicate IDs will cause
undefined behavior at runtime, as DOM patching will not be able to target the correct
elements.


warning: Duplicate id found while testing LiveView: toast-group

    <div id="toast-group" class="fixed z-50 max-h-screen w-full p-4 md:max-w-[420px] pointer-events-none grid origin-center top-0 right-0 items-start flex-col sm:bottom-auto"><div id="toast-group"></div></div>
    <div id="toast-group"></div>


LiveView requires that all elements have unique ids, duplicate IDs will cause
undefined behavior at runtime, as DOM patching will not be able to target the correct
elements.


warning: Duplicate id found while testing LiveView: toast-group

    <div id="toast-group" class="fixed z-50 max-h-screen w-full p-4 md:max-w-[420px] pointer-events-none grid origin-center top-0 right-0 items-start flex-col sm:bottom-auto"><div id="toast-group"></div></div>
    <div id="toast-group"></div>


LiveView requires that all elements have unique ids, duplicate IDs will cause
undefined behavior at runtime, as DOM patching will not be able to target the correct
elements.


warning: Duplicate id found while testing LiveView: toast-group

    <div id="toast-group" class="fixed z-50 max-h-screen w-full p-4 md:max-w-[420px] pointer-events-none grid origin-center top-0 right-0 items-start flex-col sm:bottom-auto"><div id="toast-group"></div></div>
    <div id="toast-group"></div>


LiveView requires that all elements have unique ids, duplicate IDs will cause
undefined behavior at runtime, as DOM patching will not be able to target the correct
elements.


warning: Duplicate id found while testing LiveView: toast-group

    <div id="toast-group" class="fixed z-50 max-h-screen w-full p-4 md:max-w-[420px] pointer-events-none grid origin-center top-0 right-0 items-start flex-col sm:bottom-auto"><div id="toast-group"></div></div>
    <div id="toast-group"></div>


LiveView requires that all elements have unique ids, duplicate IDs will cause
undefined behavior at runtime, as DOM patching will not be able to target the correct
elements.


.warning: Duplicate id found while testing LiveView: toast-group

    <div id="toast-group" class="fixed z-50 max-h-screen w-full p-4 md:max-w-[420px] pointer-events-none grid origin-center top-0 right-0 items-start flex-col sm:bottom-auto"><div id="toast-group"></div></div>
    <div id="toast-group"></div>


LiveView requires that all elements have unique ids, duplicate IDs will cause
undefined behavior at runtime, as DOM patching will not be able to target the correct
elements.


warning: Duplicate id found while testing LiveView: toast-group

    <div id="toast-group" class="fixed z-50 max-h-screen w-full p-4 md:max-w-[420px] pointer-events-none grid origin-center top-0 right-0 items-start flex-col sm:bottom-auto"><div id="toast-group"></div></div>
    <div id="toast-group"></div>


LiveView requires that all elements have unique ids, duplicate IDs will cause
undefined behavior at runtime, as DOM patching will not be able to target the correct
elements.


warning: Duplicate id found while testing LiveView: toast-group

    <div id="toast-group" class="fixed z-50 max-h-screen w-full p-4 md:max-w-[420px] pointer-events-none grid origin-center top-0 right-0 items-start flex-col sm:bottom-auto"><div id="toast-group"></div></div>
    <div id="toast-group"></div>


LiveView requires that all elements have unique ids, duplicate IDs will cause
undefined behavior at runtime, as DOM patching will not be able to target the correct
elements.


.warning: Duplicate id found while testing LiveView: toast-group

    <div id="toast-group" class="fixed z-50 max-h-screen w-full p-4 md:max-w-[420px] pointer-events-none grid origin-center top-0 right-0 items-start flex-col sm:bottom-auto"><div id="toast-group"></div></div>
    <div id="toast-group"></div>


LiveView requires that all elements have unique ids, duplicate IDs will cause
undefined behavior at runtime, as DOM patching will not be able to target the correct
elements.


warning: Duplicate id found while testing LiveView: toast-group

    <div id="toast-group" class="fixed z-50 max-h-screen w-full p-4 md:max-w-[420px] pointer-events-none grid origin-center top-0 right-0 items-start flex-col sm:bottom-auto"><div id="toast-group"></div></div>
    <div id="toast-group"></div>


LiveView requires that all elements have unique ids, duplicate IDs will cause
undefined behavior at runtime, as DOM patching will not be able to target the correct
elements.


warning: Duplicate id found while testing LiveView: toast-group

    <div id="toast-group" class="fixed z-50 max-h-screen w-full p-4 md:max-w-[420px] pointer-events-none grid origin-center top-0 right-0 items-start flex-col sm:bottom-auto"><div id="toast-group"></div></div>
    <div id="toast-group"></div>


LiveView requires that all elements have unique ids, duplicate IDs will cause
undefined behavior at runtime, as DOM patching will not be able to target the correct
elements.


.....16:53:44.712 [warning] Quality checks failed for test-retry-1540 (attempt 1/3), retrying...
16:53:44.718 [warning] Quality checks failed for test-retry-1540 (attempt 2/3), retrying...
.16:53:44.765 [warning] Quality checks failed for test-fail-10498 (attempt 1/3), retrying...
16:53:44.772 [warning] Quality checks failed for test-fail-10498 (attempt 2/3), retrying...
16:53:44.776 [error] Quality checks failed for test-fail-10498 after 3 attempts, giving up
16:53:44.777 [warning] Pull request failed for test-fail-10498 after 3 attempts
.......
Finished in 1.4 seconds (0.1s async, 1.3s sync)
28 tests, 0 failures, 2 skipped (4 excluded)
1) changed files
- `lib/jido_code/setup/owner_bootstrap.ex`
- `lib/jido_code_web/live/setup_live.ex`
- `test/jido_code_web/live/setup_live_test.exs`

2) tests/commands executed
- Attempted: `mix precommit`  
  - Failed in this sandbox: Mix cannot open local TCP socket for PubSub (`Mix.Sync.PubSub.subscribe/1`, `:eperm`).
- Attempted: `mix format ...`  
  - Same Mix PubSub socket failure.
- Ran formatting fallback (non-Mix):  
  - `elixir -e '... Code.format_file! ...'` on all changed files.
- Ran compile fallback (non-Mix):  
  - `elixir -e '... Kernel.ParallelCompiler.compile_to_path(...) ...'` for changed modules/tests (compiled successfully; only module redefinition warnings from recompiling already-loaded modules).
- Attempted fallback test runner via `elixir` script for `setup_live_test.exs`  
  - Blocked by sandbox DB networking (`Postgrex tcp connect localhost:5432 ... :eperm`).

3) acceptance criteria coverage
- AC1: Step 2 create/confirm behavior  
  - Implemented in `OwnerBootstrap.status/0` + `OwnerBootstrap.bootstrap/1`, and Step-2-specific UI/event handling in `SetupLive`.
  - `SetupLive` now renders owner bootstrap form on step 2, creates owner if none exists, confirms owner if one exists.
- AC2: Immediate owner session access to protected routes after bootstrap  
  - After successful step-2 bootstrap, `SetupLive` redirects to auth `sign_in_with_token` path, establishing session immediately.
  - Added tests that assert redirect path and then access `/dashboard` as authenticated owner.
- AC3: Additional owner creation attempt blocked with single-user policy error  
  - `OwnerBootstrap` returns `:single_user_policy` when an owner exists and submitted email differs.
  - `SetupLive` surfaces this as `#setup-save-error` and does not advance onboarding step.
  - Added test coverage for this blocked path.

4) blockers/assumptions
- Blocker: I could not run `mix precommit` in this environment because Mix startup requires local TCP PubSub and the sandbox denies socket creation (`:eperm`).
- Blocker: DB-backed tests cannot run in this environment because sandbox denies TCP to Postgres (`localhost:5432`, `:eperm`).
- Assumption: “owner” is represented by the single existing `User` record (no separate role field), consistent with current single-user architecture.
Compiling 4 files (.ex)
    warning: redefining module JidoCode.Setup.OwnerBootstrap (current version loaded from _build/test/lib/jido_code/ebin/Elixir.JidoCode.Setup.OwnerBootstrap.beam)
    │
  1 │ defmodule JidoCode.Setup.OwnerBootstrap do
    │ ~~~~~~~~~~~~~~~~~~~~~~~~~~~~~~~~~~~~~~~~~~
    │
    └─ lib/jido_code/setup/owner_bootstrap.ex:1: JidoCode.Setup.OwnerBootstrap (module)

Compilation failed due to warnings while using the --warnings-as-errors option
Implemented fixes for `ST-ONB-004` precommit breakage scope and kept changes story-local.

**Code fixes**
- Updated owner lookup to bypass Ash auth for setup/admin bootstrap flow:
  - `lib/jido_code/setup/owner_bootstrap.ex:175`
  - `Ash.read(User, domain: Accounts, authorize?: false)`
- Stabilized step-2 setup tests and redirect assertions:
  - Reset owner state per test transaction: `test/jido_code_web/live/setup_live_test.exs:44`, `test/jido_code_web/live/setup_live_test.exs:441`
  - Handle `assert_redirect/1` tuple return shape: `test/jido_code_web/live/setup_live_test.exs:141`, `test/jido_code_web/live/setup_live_test.exs:194`, helper at `test/jido_code_web/live/setup_live_test.exs:438`
  - Count owners with auth bypass in test helper: `test/jido_code_web/live/setup_live_test.exs:336`

**Validation run**
- `mix compile --warnings-as-errors --no-deps-check` passed.
- `MIX_OS_CONCURRENCY_LOCK=0 mix deps.unlock --unused` passed.
- `mix test --no-deps-check --warnings-as-errors` passed (`31 tests, 0 failures, 2 skipped`).
- Formatted changed files using Elixir formatter fallback (`Code.format_string!`) because `mix format` is blocked in this sandbox.

**Environment blocker**
- `mix precommit` itself still cannot run here due sandbox TCP restrictions in Mix PubSub:
  - `failed to open a TCP socket in Mix.Sync.PubSub.subscribe/1, reason: :eperm`
- No commit/push was performed.
Getting extensions in current project...
Running setup for AshPostgres.DataLayer...
Running ExUnit with seed: 374912, max_cases: 20
Excluding tags: [:sprite_integration]

....**17:21:04.831 request_id=GJPxuy3k7V9CykgAAACp [warning] onboarding_redirect route=/ reason=onboarding_incomplete step=1 diagnostic="Setup is incomplete. Resume onboarding to continue."
......warning: Duplicate id found while testing LiveView: toast-group

    <div id="toast-group" class="fixed z-50 max-h-screen w-full p-4 md:max-w-[420px] pointer-events-none grid origin-center top-0 right-0 items-start flex-col sm:bottom-auto"><div id="toast-group"></div></div>
    <div id="toast-group"></div>


LiveView requires that all elements have unique ids, duplicate IDs will cause
undefined behavior at runtime, as DOM patching will not be able to target the correct
elements.


warning: Duplicate id found while testing LiveView: toast-group

    <div id="toast-group" class="fixed z-50 max-h-screen w-full p-4 md:max-w-[420px] pointer-events-none grid origin-center top-0 right-0 items-start flex-col sm:bottom-auto"><div id="toast-group"></div></div>
    <div id="toast-group"></div>


LiveView requires that all elements have unique ids, duplicate IDs will cause
undefined behavior at runtime, as DOM patching will not be able to target the correct
elements.


warning: Duplicate id found while testing LiveView: toast-group

    <div id="toast-group" class="fixed z-50 max-h-screen w-full p-4 md:max-w-[420px] pointer-events-none grid origin-center top-0 right-0 items-start flex-col sm:bottom-auto"><div id="toast-group"></div></div>
    <div id="toast-group"></div>


LiveView requires that all elements have unique ids, duplicate IDs will cause
undefined behavior at runtime, as DOM patching will not be able to target the correct
elements.


.warning: Duplicate id found while testing LiveView: toast-group

    <div id="toast-group" class="fixed z-50 max-h-screen w-full p-4 md:max-w-[420px] pointer-events-none grid origin-center top-0 right-0 items-start flex-col sm:bottom-auto"><div id="toast-group"></div></div>
    <div id="toast-group"></div>


LiveView requires that all elements have unique ids, duplicate IDs will cause
undefined behavior at runtime, as DOM patching will not be able to target the correct
elements.


warning: Duplicate id found while testing LiveView: toast-group

    <div id="toast-group" class="fixed z-50 max-h-screen w-full p-4 md:max-w-[420px] pointer-events-none grid origin-center top-0 right-0 items-start flex-col sm:bottom-auto"><div id="toast-group"></div></div>
    <div id="toast-group"></div>


LiveView requires that all elements have unique ids, duplicate IDs will cause
undefined behavior at runtime, as DOM patching will not be able to target the correct
elements.


warning: Duplicate id found while testing LiveView: toast-group

    <div id="toast-group" class="fixed z-50 max-h-screen w-full p-4 md:max-w-[420px] pointer-events-none grid origin-center top-0 right-0 items-start flex-col sm:bottom-auto"><div id="toast-group"></div></div>
    <div id="toast-group"></div>


LiveView requires that all elements have unique ids, duplicate IDs will cause
undefined behavior at runtime, as DOM patching will not be able to target the correct
elements.


.warning: Duplicate id found while testing LiveView: toast-group

    <div id="toast-group" class="fixed z-50 max-h-screen w-full p-4 md:max-w-[420px] pointer-events-none grid origin-center top-0 right-0 items-start flex-col sm:bottom-auto"><div id="toast-group"></div></div>
    <div id="toast-group"></div>


LiveView requires that all elements have unique ids, duplicate IDs will cause
undefined behavior at runtime, as DOM patching will not be able to target the correct
elements.


warning: Duplicate id found while testing LiveView: toast-group

    <div id="toast-group" class="fixed z-50 max-h-screen w-full p-4 md:max-w-[420px] pointer-events-none grid origin-center top-0 right-0 items-start flex-col sm:bottom-auto"><div id="toast-group"></div></div>
    <div id="toast-group"></div>


LiveView requires that all elements have unique ids, duplicate IDs will cause
undefined behavior at runtime, as DOM patching will not be able to target the correct
elements.


warning: Duplicate id found while testing LiveView: toast-group

    <div id="toast-group" class="fixed z-50 max-h-screen w-full p-4 md:max-w-[420px] pointer-events-none grid origin-center top-0 right-0 items-start flex-col sm:bottom-auto"><div id="toast-group"></div></div>
    <div id="toast-group"></div>


LiveView requires that all elements have unique ids, duplicate IDs will cause
undefined behavior at runtime, as DOM patching will not be able to target the correct
elements.


.warning: Duplicate id found while testing LiveView: toast-group

    <div id="toast-group" class="fixed z-50 max-h-screen w-full p-4 md:max-w-[420px] pointer-events-none grid origin-center top-0 right-0 items-start flex-col sm:bottom-auto"><div id="toast-group"></div></div>
    <div id="toast-group"></div>


LiveView requires that all elements have unique ids, duplicate IDs will cause
undefined behavior at runtime, as DOM patching will not be able to target the correct
elements.


warning: Duplicate id found while testing LiveView: toast-group

    <div id="toast-group" class="fixed z-50 max-h-screen w-full p-4 md:max-w-[420px] pointer-events-none grid origin-center top-0 right-0 items-start flex-col sm:bottom-auto"><div id="toast-group"></div></div>
    <div id="toast-group"></div>


LiveView requires that all elements have unique ids, duplicate IDs will cause
undefined behavior at runtime, as DOM patching will not be able to target the correct
elements.


warning: Duplicate id found while testing LiveView: toast-group

    <div id="toast-group" class="fixed z-50 max-h-screen w-full p-4 md:max-w-[420px] pointer-events-none grid origin-center top-0 right-0 items-start flex-col sm:bottom-auto"><div id="toast-group"></div></div>
    <div id="toast-group"></div>


LiveView requires that all elements have unique ids, duplicate IDs will cause
undefined behavior at runtime, as DOM patching will not be able to target the correct
elements.


.warning: Duplicate id found while testing LiveView: toast-group

    <div id="toast-group" class="fixed z-50 max-h-screen w-full p-4 md:max-w-[420px] pointer-events-none grid origin-center top-0 right-0 items-start flex-col sm:bottom-auto"><div id="toast-group"></div></div>
    <div id="toast-group"></div>


LiveView requires that all elements have unique ids, duplicate IDs will cause
undefined behavior at runtime, as DOM patching will not be able to target the correct
elements.


warning: Duplicate id found while testing LiveView: toast-group

    <div id="toast-group" class="fixed z-50 max-h-screen w-full p-4 md:max-w-[420px] pointer-events-none grid origin-center top-0 right-0 items-start flex-col sm:bottom-auto"><div id="toast-group"></div></div>
    <div id="toast-group"></div>


LiveView requires that all elements have unique ids, duplicate IDs will cause
undefined behavior at runtime, as DOM patching will not be able to target the correct
elements.


warning: Duplicate id found while testing LiveView: toast-group

    <div id="toast-group" class="fixed z-50 max-h-screen w-full p-4 md:max-w-[420px] pointer-events-none grid origin-center top-0 right-0 items-start flex-col sm:bottom-auto"><div id="toast-group"><div class="group/toast z-100 pointer-events-auto relative w-full items-center justify-between origin-center overflow-hidden rounded-lg p-4 shadow-lg border col-start-1 col-end-1 row-start-1 row-end-2 flex "><p class="text-sm">You are now signed in</p></div></div></div>
    <div id="toast-group"><div class="group/toast z-100 pointer-events-auto relative w-full items-center justify-between origin-center overflow-hidden rounded-lg p-4 shadow-lg border col-start-1 col-end-1 row-start-1 row-end-2 flex "><p class="text-sm">You are now signed in</p></div></div>


LiveView requires that all elements have unique ids, duplicate IDs will cause
undefined behavior at runtime, as DOM patching will not be able to target the correct
elements.


warning: Duplicate id found while testing LiveView: toast-group

    <div id="toast-group" class="fixed z-50 max-h-screen w-full p-4 md:max-w-[420px] pointer-events-none grid origin-center top-0 right-0 items-start flex-col sm:bottom-auto"><div id="toast-group"><div class="group/toast z-100 pointer-events-auto relative w-full items-center justify-between origin-center overflow-hidden rounded-lg p-4 shadow-lg border col-start-1 col-end-1 row-start-1 row-end-2 flex "><p class="text-sm">You are now signed in</p></div></div></div>
    <div id="toast-group"><div class="group/toast z-100 pointer-events-auto relative w-full items-center justify-between origin-center overflow-hidden rounded-lg p-4 shadow-lg border col-start-1 col-end-1 row-start-1 row-end-2 flex "><p class="text-sm">You are now signed in</p></div></div>


LiveView requires that all elements have unique ids, duplicate IDs will cause
undefined behavior at runtime, as DOM patching will not be able to target the correct
elements.


.warning: Duplicate id found while testing LiveView: toast-group

    <div id="toast-group" class="fixed z-50 max-h-screen w-full p-4 md:max-w-[420px] pointer-events-none grid origin-center top-0 right-0 items-start flex-col sm:bottom-auto"><div id="toast-group"></div></div>
    <div id="toast-group"></div>


LiveView requires that all elements have unique ids, duplicate IDs will cause
undefined behavior at runtime, as DOM patching will not be able to target the correct
elements.


warning: Duplicate id found while testing LiveView: toast-group

    <div id="toast-group" class="fixed z-50 max-h-screen w-full p-4 md:max-w-[420px] pointer-events-none grid origin-center top-0 right-0 items-start flex-col sm:bottom-auto"><div id="toast-group"></div></div>
    <div id="toast-group"></div>


LiveView requires that all elements have unique ids, duplicate IDs will cause
undefined behavior at runtime, as DOM patching will not be able to target the correct
elements.


warning: Duplicate id found while testing LiveView: toast-group

    <div id="toast-group" class="fixed z-50 max-h-screen w-full p-4 md:max-w-[420px] pointer-events-none grid origin-center top-0 right-0 items-start flex-col sm:bottom-auto"><div id="toast-group"><div class="group/toast z-100 pointer-events-auto relative w-full items-center justify-between origin-center overflow-hidden rounded-lg p-4 shadow-lg border col-start-1 col-end-1 row-start-1 row-end-2 flex "><p class="text-sm">You are now signed in</p></div></div></div>
    <div id="toast-group"><div class="group/toast z-100 pointer-events-auto relative w-full items-center justify-between origin-center overflow-hidden rounded-lg p-4 shadow-lg border col-start-1 col-end-1 row-start-1 row-end-2 flex "><p class="text-sm">You are now signed in</p></div></div>


LiveView requires that all elements have unique ids, duplicate IDs will cause
undefined behavior at runtime, as DOM patching will not be able to target the correct
elements.


warning: Duplicate id found while testing LiveView: toast-group

    <div id="toast-group" class="fixed z-50 max-h-screen w-full p-4 md:max-w-[420px] pointer-events-none grid origin-center top-0 right-0 items-start flex-col sm:bottom-auto"><div id="toast-group"><div class="group/toast z-100 pointer-events-auto relative w-full items-center justify-between origin-center overflow-hidden rounded-lg p-4 shadow-lg border col-start-1 col-end-1 row-start-1 row-end-2 flex "><p class="text-sm">You are now signed in</p></div></div></div>
    <div id="toast-group"><div class="group/toast z-100 pointer-events-auto relative w-full items-center justify-between origin-center overflow-hidden rounded-lg p-4 shadow-lg border col-start-1 col-end-1 row-start-1 row-end-2 flex "><p class="text-sm">You are now signed in</p></div></div>


LiveView requires that all elements have unique ids, duplicate IDs will cause
undefined behavior at runtime, as DOM patching will not be able to target the correct
elements.


.warning: Duplicate id found while testing LiveView: toast-group

    <div id="toast-group" class="fixed z-50 max-h-screen w-full p-4 md:max-w-[420px] pointer-events-none grid origin-center top-0 right-0 items-start flex-col sm:bottom-auto"><div id="toast-group"></div></div>
    <div id="toast-group"></div>


LiveView requires that all elements have unique ids, duplicate IDs will cause
undefined behavior at runtime, as DOM patching will not be able to target the correct
elements.


warning: Duplicate id found while testing LiveView: toast-group

    <div id="toast-group" class="fixed z-50 max-h-screen w-full p-4 md:max-w-[420px] pointer-events-none grid origin-center top-0 right-0 items-start flex-col sm:bottom-auto"><div id="toast-group"></div></div>
    <div id="toast-group"></div>


LiveView requires that all elements have unique ids, duplicate IDs will cause
undefined behavior at runtime, as DOM patching will not be able to target the correct
elements.


warning: Duplicate id found while testing LiveView: toast-group

    <div id="toast-group" class="fixed z-50 max-h-screen w-full p-4 md:max-w-[420px] pointer-events-none grid origin-center top-0 right-0 items-start flex-col sm:bottom-auto"><div id="toast-group"></div></div>
    <div id="toast-group"></div>


LiveView requires that all elements have unique ids, duplicate IDs will cause
undefined behavior at runtime, as DOM patching will not be able to target the correct
elements.


warning: Duplicate id found while testing LiveView: toast-group

    <div id="toast-group" class="fixed z-50 max-h-screen w-full p-4 md:max-w-[420px] pointer-events-none grid origin-center top-0 right-0 items-start flex-col sm:bottom-auto"><div id="toast-group"></div></div>
    <div id="toast-group"></div>


LiveView requires that all elements have unique ids, duplicate IDs will cause
undefined behavior at runtime, as DOM patching will not be able to target the correct
elements.


warning: Duplicate id found while testing LiveView: toast-group

    <div id="toast-group" class="fixed z-50 max-h-screen w-full p-4 md:max-w-[420px] pointer-events-none grid origin-center top-0 right-0 items-start flex-col sm:bottom-auto"><div id="toast-group"></div></div>
    <div id="toast-group"></div>


LiveView requires that all elements have unique ids, duplicate IDs will cause
undefined behavior at runtime, as DOM patching will not be able to target the correct
elements.


.17:21:05.925 [warning] Quality checks failed for test-fail-1666 (attempt 1/3), retrying...
17:21:05.929 [warning] Quality checks failed for test-fail-1666 (attempt 2/3), retrying...
17:21:05.934 [error] Quality checks failed for test-fail-1666 after 3 attempts, giving up
17:21:05.935 [warning] Pull request failed for test-fail-1666 after 3 attempts
...17:21:06.082 [warning] Quality checks failed for test-retry-713 (attempt 1/3), retrying...
17:21:06.086 [warning] Quality checks failed for test-retry-713 (attempt 2/3), retrying...
.........
Finished in 2.0 seconds (0.1s async, 1.8s sync)
31 tests, 0 failures, 2 skipped (4 excluded)
1) changed files
- `config/config.exs`
- `lib/jido_code/setup/runtime_mode.ex` (new)
- `lib/jido_code/accounts/checks/registration_allowed.ex` (new)
- `lib/jido_code/accounts/user.ex`
- `lib/jido_code_web/live/setup_live.ex`
- `test/jido_code_web/live/setup_live_test.exs`

2) tests/commands executed
- `MIX_OS_CONCURRENCY_LOCK=0 elixir -e '... Mix.CLI.main(["compile","--warnings-as-errors"])'`  
  - Result: pass.
- `MIX_OS_CONCURRENCY_LOCK=0 elixir -e '... Mix.CLI.main(["format","--check-formatted"])'`  
  - Result: pass.
- `MIX_OS_CONCURRENCY_LOCK=0 elixir -e '... Mix.Project.in_project(..., fn -> Mix.Task.run("loadconfig"); Mix.Tasks.Test.run(["test/jido_code_web/live/setup_live_test.exs"]) end)'`  
  - Result: fail (DB unavailable in sandbox; `tcp connect (localhost:5432): not owner - :eperm`).
- `MIX_OS_CONCURRENCY_LOCK=0 elixir -e '... Mix.CLI.main(["precommit"])'`  
  - Result: fail at `ash.setup` for same DB connectivity reason.

3) acceptance criteria coverage
- AC1: Production onboarding marks registration disabled after bootstrap.
  - Implemented via `maybe_mark_registration_lockout/1` in `SetupLive`, which persists `"registration_actions_disabled" => true` when runtime mode is production.
  - Covered by new test: `production step 2 marks registration actions disabled...`.
- AC2: Owner login works while registration rejects new users.
  - Implemented by replacing auth bypass policy with `JidoCode.Accounts.Checks.RegistrationAllowed`, which allows sign-in actions but blocks registration actions in prod once an owner exists.
  - Covered by new test asserting `:sign_in` succeeds and `:register` fails.
- AC3: Production registration request fails with typed authorization error.
  - Blocking is policy-driven, returning Ash forbidden authorization errors.
  - Covered by new tests asserting `%Ash.Error.Forbidden{}` with `%Ash.Error.Forbidden.Policy{}` nested errors.

4) blockers/assumptions
- Blocker: sandbox cannot connect to local Postgres (`localhost:5432`, `:eperm`), so DB-backed tests and `mix precommit` cannot be completed to green in this environment.
- Assumption: runtime mode is controlled by new app config `:runtime_mode` (default `config_env()`), and tests can override it with `Application.put_env/3`.
Getting extensions in current project...
Running setup for AshPostgres.DataLayer...
Running ExUnit with seed: 679041, max_cases: 20
Excluding tags: [:sprite_integration]

....**17:33:22.107 request_id=GJPyZte4NXGQJQ4AAAAH [warning] onboarding_redirect route=/ reason=onboarding_incomplete step=1 diagnostic="Setup is incomplete. Resume onboarding to continue."
......17:33:22.549 [warning] Quality checks failed for test-fail-394 (attempt 1/3), retrying...
17:33:22.553 [warning] Quality checks failed for test-fail-394 (attempt 2/3), retrying...
17:33:22.557 [error] Quality checks failed for test-fail-394 after 3 attempts, giving up
17:33:22.558 [warning] Pull request failed for test-fail-394 after 3 attempts
....17:33:22.757 [warning] Quality checks failed for test-retry-746 (attempt 1/3), retrying...
17:33:22.764 [warning] Quality checks failed for test-retry-746 (attempt 2/3), retrying...
..warning: Duplicate id found while testing LiveView: toast-group

    <div id="toast-group" class="fixed z-50 max-h-screen w-full p-4 md:max-w-[420px] pointer-events-none grid origin-center top-0 right-0 items-start flex-col sm:bottom-auto"><div id="toast-group"></div></div>
    <div id="toast-group"></div>


LiveView requires that all elements have unique ids, duplicate IDs will cause
undefined behavior at runtime, as DOM patching will not be able to target the correct
elements.


warning: Duplicate id found while testing LiveView: toast-group

    <div id="toast-group" class="fixed z-50 max-h-screen w-full p-4 md:max-w-[420px] pointer-events-none grid origin-center top-0 right-0 items-start flex-col sm:bottom-auto"><div id="toast-group"></div></div>
    <div id="toast-group"></div>


LiveView requires that all elements have unique ids, duplicate IDs will cause
undefined behavior at runtime, as DOM patching will not be able to target the correct
elements.


warning: Duplicate id found while testing LiveView: toast-group

    <div id="toast-group" class="fixed z-50 max-h-screen w-full p-4 md:max-w-[420px] pointer-events-none grid origin-center top-0 right-0 items-start flex-col sm:bottom-auto"><div id="toast-group"></div></div>
    <div id="toast-group"></div>


LiveView requires that all elements have unique ids, duplicate IDs will cause
undefined behavior at runtime, as DOM patching will not be able to target the correct
elements.


.warning: Duplicate id found while testing LiveView: toast-group

    <div id="toast-group" class="fixed z-50 max-h-screen w-full p-4 md:max-w-[420px] pointer-events-none grid origin-center top-0 right-0 items-start flex-col sm:bottom-auto"><div id="toast-group"></div></div>
    <div id="toast-group"></div>


LiveView requires that all elements have unique ids, duplicate IDs will cause
undefined behavior at runtime, as DOM patching will not be able to target the correct
elements.


warning: Duplicate id found while testing LiveView: toast-group

    <div id="toast-group" class="fixed z-50 max-h-screen w-full p-4 md:max-w-[420px] pointer-events-none grid origin-center top-0 right-0 items-start flex-col sm:bottom-auto"><div id="toast-group"></div></div>
    <div id="toast-group"></div>


LiveView requires that all elements have unique ids, duplicate IDs will cause
undefined behavior at runtime, as DOM patching will not be able to target the correct
elements.


warning: Duplicate id found while testing LiveView: toast-group

    <div id="toast-group" class="fixed z-50 max-h-screen w-full p-4 md:max-w-[420px] pointer-events-none grid origin-center top-0 right-0 items-start flex-col sm:bottom-auto"><div id="toast-group"><div class="group/toast z-100 pointer-events-auto relative w-full items-center justify-between origin-center overflow-hidden rounded-lg p-4 shadow-lg border col-start-1 col-end-1 row-start-1 row-end-2 flex "><p class="text-sm">You are now signed in</p></div></div></div>
    <div id="toast-group"><div class="group/toast z-100 pointer-events-auto relative w-full items-center justify-between origin-center overflow-hidden rounded-lg p-4 shadow-lg border col-start-1 col-end-1 row-start-1 row-end-2 flex "><p class="text-sm">You are now signed in</p></div></div>


LiveView requires that all elements have unique ids, duplicate IDs will cause
undefined behavior at runtime, as DOM patching will not be able to target the correct
elements.


warning: Duplicate id found while testing LiveView: toast-group

    <div id="toast-group" class="fixed z-50 max-h-screen w-full p-4 md:max-w-[420px] pointer-events-none grid origin-center top-0 right-0 items-start flex-col sm:bottom-auto"><div id="toast-group"><div class="group/toast z-100 pointer-events-auto relative w-full items-center justify-between origin-center overflow-hidden rounded-lg p-4 shadow-lg border col-start-1 col-end-1 row-start-1 row-end-2 flex "><p class="text-sm">You are now signed in</p></div></div></div>
    <div id="toast-group"><div class="group/toast z-100 pointer-events-auto relative w-full items-center justify-between origin-center overflow-hidden rounded-lg p-4 shadow-lg border col-start-1 col-end-1 row-start-1 row-end-2 flex "><p class="text-sm">You are now signed in</p></div></div>


LiveView requires that all elements have unique ids, duplicate IDs will cause
undefined behavior at runtime, as DOM patching will not be able to target the correct
elements.


.warning: Duplicate id found while testing LiveView: toast-group

    <div id="toast-group" class="fixed z-50 max-h-screen w-full p-4 md:max-w-[420px] pointer-events-none grid origin-center top-0 right-0 items-start flex-col sm:bottom-auto"><div id="toast-group"></div></div>
    <div id="toast-group"></div>


LiveView requires that all elements have unique ids, duplicate IDs will cause
undefined behavior at runtime, as DOM patching will not be able to target the correct
elements.


warning: Duplicate id found while testing LiveView: toast-group

    <div id="toast-group" class="fixed z-50 max-h-screen w-full p-4 md:max-w-[420px] pointer-events-none grid origin-center top-0 right-0 items-start flex-col sm:bottom-auto"><div id="toast-group"></div></div>
    <div id="toast-group"></div>


LiveView requires that all elements have unique ids, duplicate IDs will cause
undefined behavior at runtime, as DOM patching will not be able to target the correct
elements.


warning: Duplicate id found while testing LiveView: toast-group

    <div id="toast-group" class="fixed z-50 max-h-screen w-full p-4 md:max-w-[420px] pointer-events-none grid origin-center top-0 right-0 items-start flex-col sm:bottom-auto"><div id="toast-group"></div></div>
    <div id="toast-group"></div>


LiveView requires that all elements have unique ids, duplicate IDs will cause
undefined behavior at runtime, as DOM patching will not be able to target the correct
elements.


.warning: Duplicate id found while testing LiveView: toast-group

    <div id="toast-group" class="fixed z-50 max-h-screen w-full p-4 md:max-w-[420px] pointer-events-none grid origin-center top-0 right-0 items-start flex-col sm:bottom-auto"><div id="toast-group"></div></div>
    <div id="toast-group"></div>


LiveView requires that all elements have unique ids, duplicate IDs will cause
undefined behavior at runtime, as DOM patching will not be able to target the correct
elements.


warning: Duplicate id found while testing LiveView: toast-group

    <div id="toast-group" class="fixed z-50 max-h-screen w-full p-4 md:max-w-[420px] pointer-events-none grid origin-center top-0 right-0 items-start flex-col sm:bottom-auto"><div id="toast-group"></div></div>
    <div id="toast-group"></div>


LiveView requires that all elements have unique ids, duplicate IDs will cause
undefined behavior at runtime, as DOM patching will not be able to target the correct
elements.


warning: Duplicate id found while testing LiveView: toast-group

    <div id="toast-group" class="fixed z-50 max-h-screen w-full p-4 md:max-w-[420px] pointer-events-none grid origin-center top-0 right-0 items-start flex-col sm:bottom-auto"><div id="toast-group"></div></div>
    <div id="toast-group"></div>


LiveView requires that all elements have unique ids, duplicate IDs will cause
undefined behavior at runtime, as DOM patching will not be able to target the correct
elements.


warning: Duplicate id found while testing LiveView: toast-group

    <div id="toast-group" class="fixed z-50 max-h-screen w-full p-4 md:max-w-[420px] pointer-events-none grid origin-center top-0 right-0 items-start flex-col sm:bottom-auto"><div id="toast-group"></div></div>
    <div id="toast-group"></div>


LiveView requires that all elements have unique ids, duplicate IDs will cause
undefined behavior at runtime, as DOM patching will not be able to target the correct
elements.


warning: Duplicate id found while testing LiveView: toast-group

    <div id="toast-group" class="fixed z-50 max-h-screen w-full p-4 md:max-w-[420px] pointer-events-none grid origin-center top-0 right-0 items-start flex-col sm:bottom-auto"><div id="toast-group"></div></div>
    <div id="toast-group"></div>


LiveView requires that all elements have unique ids, duplicate IDs will cause
undefined behavior at runtime, as DOM patching will not be able to target the correct
elements.


.warning: Duplicate id found while testing LiveView: toast-group

    <div id="toast-group" class="fixed z-50 max-h-screen w-full p-4 md:max-w-[420px] pointer-events-none grid origin-center top-0 right-0 items-start flex-col sm:bottom-auto"><div id="toast-group"></div></div>
    <div id="toast-group"></div>


LiveView requires that all elements have unique ids, duplicate IDs will cause
undefined behavior at runtime, as DOM patching will not be able to target the correct
elements.


warning: Duplicate id found while testing LiveView: toast-group

    <div id="toast-group" class="fixed z-50 max-h-screen w-full p-4 md:max-w-[420px] pointer-events-none grid origin-center top-0 right-0 items-start flex-col sm:bottom-auto"><div id="toast-group"></div></div>
    <div id="toast-group"></div>


LiveView requires that all elements have unique ids, duplicate IDs will cause
undefined behavior at runtime, as DOM patching will not be able to target the correct
elements.


warning: Duplicate id found while testing LiveView: toast-group

    <div id="toast-group" class="fixed z-50 max-h-screen w-full p-4 md:max-w-[420px] pointer-events-none grid origin-center top-0 right-0 items-start flex-col sm:bottom-auto"><div id="toast-group"></div></div>
    <div id="toast-group"></div>


LiveView requires that all elements have unique ids, duplicate IDs will cause
undefined behavior at runtime, as DOM patching will not be able to target the correct
elements.


.warning: Duplicate id found while testing LiveView: toast-group

    <div id="toast-group" class="fixed z-50 max-h-screen w-full p-4 md:max-w-[420px] pointer-events-none grid origin-center top-0 right-0 items-start flex-col sm:bottom-auto"><div id="toast-group"></div></div>
    <div id="toast-group"></div>


LiveView requires that all elements have unique ids, duplicate IDs will cause
undefined behavior at runtime, as DOM patching will not be able to target the correct
elements.


warning: Duplicate id found while testing LiveView: toast-group

    <div id="toast-group" class="fixed z-50 max-h-screen w-full p-4 md:max-w-[420px] pointer-events-none grid origin-center top-0 right-0 items-start flex-col sm:bottom-auto"><div id="toast-group"></div></div>
    <div id="toast-group"></div>


LiveView requires that all elements have unique ids, duplicate IDs will cause
undefined behavior at runtime, as DOM patching will not be able to target the correct
elements.


warning: Duplicate id found while testing LiveView: toast-group

    <div id="toast-group" class="fixed z-50 max-h-screen w-full p-4 md:max-w-[420px] pointer-events-none grid origin-center top-0 right-0 items-start flex-col sm:bottom-auto"><div id="toast-group"></div></div>
    <div id="toast-group"></div>


LiveView requires that all elements have unique ids, duplicate IDs will cause
undefined behavior at runtime, as DOM patching will not be able to target the correct
elements.


.warning: Duplicate id found while testing LiveView: toast-group

    <div id="toast-group" class="fixed z-50 max-h-screen w-full p-4 md:max-w-[420px] pointer-events-none grid origin-center top-0 right-0 items-start flex-col sm:bottom-auto"><div id="toast-group"></div></div>
    <div id="toast-group"></div>


LiveView requires that all elements have unique ids, duplicate IDs will cause
undefined behavior at runtime, as DOM patching will not be able to target the correct
elements.


warning: Duplicate id found while testing LiveView: toast-group

    <div id="toast-group" class="fixed z-50 max-h-screen w-full p-4 md:max-w-[420px] pointer-events-none grid origin-center top-0 right-0 items-start flex-col sm:bottom-auto"><div id="toast-group"></div></div>
    <div id="toast-group"></div>


LiveView requires that all elements have unique ids, duplicate IDs will cause
undefined behavior at runtime, as DOM patching will not be able to target the correct
elements.


warning: Duplicate id found while testing LiveView: toast-group

    <div id="toast-group" class="fixed z-50 max-h-screen w-full p-4 md:max-w-[420px] pointer-events-none grid origin-center top-0 right-0 items-start flex-col sm:bottom-auto"><div id="toast-group"><div class="group/toast z-100 pointer-events-auto relative w-full items-center justify-between origin-center overflow-hidden rounded-lg p-4 shadow-lg border col-start-1 col-end-1 row-start-1 row-end-2 flex "><p class="text-sm">You are now signed in</p></div></div></div>
    <div id="toast-group"><div class="group/toast z-100 pointer-events-auto relative w-full items-center justify-between origin-center overflow-hidden rounded-lg p-4 shadow-lg border col-start-1 col-end-1 row-start-1 row-end-2 flex "><p class="text-sm">You are now signed in</p></div></div>


LiveView requires that all elements have unique ids, duplicate IDs will cause
undefined behavior at runtime, as DOM patching will not be able to target the correct
elements.


warning: Duplicate id found while testing LiveView: toast-group

    <div id="toast-group" class="fixed z-50 max-h-screen w-full p-4 md:max-w-[420px] pointer-events-none grid origin-center top-0 right-0 items-start flex-col sm:bottom-auto"><div id="toast-group"><div class="group/toast z-100 pointer-events-auto relative w-full items-center justify-between origin-center overflow-hidden rounded-lg p-4 shadow-lg border col-start-1 col-end-1 row-start-1 row-end-2 flex "><p class="text-sm">You are now signed in</p></div></div></div>
    <div id="toast-group"><div class="group/toast z-100 pointer-events-auto relative w-full items-center justify-between origin-center overflow-hidden rounded-lg p-4 shadow-lg border col-start-1 col-end-1 row-start-1 row-end-2 flex "><p class="text-sm">You are now signed in</p></div></div>


LiveView requires that all elements have unique ids, duplicate IDs will cause
undefined behavior at runtime, as DOM patching will not be able to target the correct
elements.


..warning: Duplicate id found while testing LiveView: toast-group

    <div id="toast-group" class="fixed z-50 max-h-screen w-full p-4 md:max-w-[420px] pointer-events-none grid origin-center top-0 right-0 items-start flex-col sm:bottom-auto"><div id="toast-group"></div></div>
    <div id="toast-group"></div>


LiveView requires that all elements have unique ids, duplicate IDs will cause
undefined behavior at runtime, as DOM patching will not be able to target the correct
elements.


warning: Duplicate id found while testing LiveView: toast-group

    <div id="toast-group" class="fixed z-50 max-h-screen w-full p-4 md:max-w-[420px] pointer-events-none grid origin-center top-0 right-0 items-start flex-col sm:bottom-auto"><div id="toast-group"></div></div>
    <div id="toast-group"></div>


LiveView requires that all elements have unique ids, duplicate IDs will cause
undefined behavior at runtime, as DOM patching will not be able to target the correct
elements.


.......
Finished in 2.1 seconds (0.2s async, 1.9s sync)
33 tests, 0 failures, 2 skipped (4 excluded)
